<?xml version="1.0" encoding="UTF-8"?>
<testsuite name="com.cg.censusanalyser.StateAnalyserCensusTest" tests="1" skipped="0" failures="0" errors="0" timestamp="2020-10-26T16:22:54" hostname="LAPTOP-21LB24T9" time="0.02">
  <properties/>
  <testcase name="whenFileHeaderIsImproperShouldThrowCustomException" classname="com.cg.censusanalyser.StateAnalyserCensusTest" time="0.02"/>
  <system-out><![CDATA[F:\Capgemini_training1\java_eclipse\IndiaStateCensusAnalyser\IndiaStateCode.csv
]]></system-out>
  <system-err><![CDATA[]]></system-err>
</testsuite>
