<?xml version="1.0" encoding="UTF-8"?>
<testsuite name="com.cg.censusanalyser.StateAnalyserCensusTest" tests="1" skipped="0" failures="0" errors="0" timestamp="2020-10-26T14:31:16" hostname="LAPTOP-21LB24T9" time="0.084">
  <properties/>
  <testcase name="testSomeLibraryMethod" classname="com.cg.censusanalyser.StateAnalyserCensusTest" time="0.084"/>
  <system-out><![CDATA[]]></system-out>
  <system-err><![CDATA[]]></system-err>
</testsuite>
