<?xml version="1.0" encoding="UTF-8"?>
<testsuite name="com.cg.censusanalyser.StateAnalyserCensusTest" tests="1" skipped="0" failures="0" errors="0" timestamp="2020-10-26T16:12:33" hostname="LAPTOP-21LB24T9" time="0.003">
  <properties/>
  <testcase name="whenFileIsNotInCsvFormatShouldThrowCustomException" classname="com.cg.censusanalyser.StateAnalyserCensusTest" time="0.003"/>
  <system-out><![CDATA[]]></system-out>
  <system-err><![CDATA[]]></system-err>
</testsuite>
